{"/Users/natya/frontend-iic3143/src/assets/pagePals-white.png": {"path":"/Users/natya/frontend-iic3143/src/assets/pagePals-white.png","statementMap":{"0":{"start":{"line":1,"column":0},"end":{"line":1,"column":19}}},"fnMap":{},"branchMap":{},"s":{"0":1},"f":{},"b":{},"_coverageSchema":"1a1c01bbd47fc00a2c39e90264f33305004495a9","hash":"c9d30ae798b64598bbe3926d78e2d098e5b48e08"}
,"/Users/natya/frontend-iic3143/src/assets/pagePals.png": {"path":"/Users/natya/frontend-iic3143/src/assets/pagePals.png","statementMap":{"0":{"start":{"line":1,"column":0},"end":{"line":1,"column":19}}},"fnMap":{},"branchMap":{},"s":{"0":1},"f":{},"b":{},"_coverageSchema":"1a1c01bbd47fc00a2c39e90264f33305004495a9","hash":"b8804389d2d989ad3ae633af4e90b1702bf0dd8f"}
,"/Users/natya/frontend-iic3143/src/auth/AuthContext.tsx": {"path":"/Users/natya/frontend-iic3143/src/auth/AuthContext.tsx","statementMap":{"0":{"start":{"line":1,"column":0},"end":{"line":1,"column":59}},"1":{"start":{"line":3,"column":0},"end":{"line":3,"column":26}},"2":{"start":{"line":4,"column":0},"end":{"line":4,"column":60}},"3":{"start":{"line":6,"column":13},"end":{"line":11,"column":3}},"4":{"start":{"line":13,"column":32},"end":{"line":13,"column":59}},"5":{"start":{"line":15,"column":28},"end":{"line":69,"column":1}},"6":{"start":{"line":16,"column":30},"end":{"line":16,"column":67}},"7":{"start":{"line":17,"column":28},"end":{"line":17,"column":55}},"8":{"start":{"line":18,"column":21},"end":{"line":18,"column":34}},"9":{"start":{"line":19,"column":21},"end":{"line":19,"column":34}},"10":{"start":{"line":21,"column":22},"end":{"line":28,"column":5}},"11":{"start":{"line":22,"column":18},"end":{"line":22,"column":45}},"12":{"start":{"line":23,"column":8},"end":{"line":27,"column":9}},"13":{"start":{"line":24,"column":12},"end":{"line":24,"column":33}},"14":{"start":{"line":26,"column":12},"end":{"line":26,"column":21}},"15":{"start":{"line":30,"column":18},"end":{"line":39,"column":5}},"16":{"start":{"line":31,"column":18},"end":{"line":31,"column":70}},"17":{"start":{"line":32,"column":8},"end":{"line":38,"column":9}},"18":{"start":{"line":33,"column":12},"end":{"line":33,"column":60}},"19":{"start":{"line":34,"column":12},"end":{"line":34,"column":46}},"20":{"start":{"line":35,"column":12},"end":{"line":35,"column":26}},"21":{"start":{"line":37,"column":12},"end":{"line":37,"column":34}},"22":{"start":{"line":41,"column":19},"end":{"line":46,"column":5}},"23":{"start":{"line":42,"column":8},"end":{"line":42,"column":37}},"24":{"start":{"line":43,"column":8},"end":{"line":43,"column":57}},"25":{"start":{"line":44,"column":8},"end":{"line":44,"column":21}},"26":{"start":{"line":45,"column":8},"end":{"line":45,"column":22}},"27":{"start":{"line":48,"column":4},"end":{"line":53,"column":16}},"28":{"start":{"line":49,"column":8},"end":{"line":52,"column":9}},"29":{"start":{"line":50,"column":12},"end":{"line":50,"column":76}},"30":{"start":{"line":51,"column":12},"end":{"line":51,"column":24}},"31":{"start":{"line":55,"column":4},"end":{"line":62,"column":16}},"32":{"start":{"line":56,"column":34},"end":{"line":56,"column":112}},"33":{"start":{"line":56,"column":76},"end":{"line":56,"column":111}},"34":{"start":{"line":57,"column":8},"end":{"line":61,"column":9}},"35":{"start":{"line":58,"column":12},"end":{"line":58,"column":31}},"36":{"start":{"line":59,"column":15},"end":{"line":61,"column":9}},"37":{"start":{"line":60,"column":12},"end":{"line":60,"column":26}},"38":{"start":{"line":64,"column":4},"end":{"line":68,"column":6}},"39":{"start":{"line":15,"column":13},"end":{"line":15,"column":28}}},"fnMap":{"0":{"name":"(anonymous_1)","decl":{"start":{"line":8,"column":11},"end":{"line":8,"column":12}},"loc":{"start":{"line":8,"column":49},"end":{"line":8,"column":52}}},"1":{"name":"(anonymous_2)","decl":{"start":{"line":9,"column":12},"end":{"line":9,"column":15}},"loc":{"start":{"line":9,"column":17},"end":{"line":9,"column":20}}},"2":{"name":"(anonymous_3)","decl":{"start":{"line":15,"column":28},"end":{"line":15,"column":29}},"loc":{"start":{"line":15,"column":76},"end":{"line":69,"column":1}}},"3":{"name":"(anonymous_4)","decl":{"start":{"line":21,"column":22},"end":{"line":21,"column":27}},"loc":{"start":{"line":21,"column":34},"end":{"line":28,"column":5}}},"4":{"name":"(anonymous_5)","decl":{"start":{"line":30,"column":18},"end":{"line":30,"column":23}},"loc":{"start":{"line":30,"column":60},"end":{"line":39,"column":5}}},"5":{"name":"(anonymous_6)","decl":{"start":{"line":41,"column":19},"end":{"line":41,"column":22}},"loc":{"start":{"line":41,"column":24},"end":{"line":46,"column":5}}},"6":{"name":"(anonymous_7)","decl":{"start":{"line":48,"column":14},"end":{"line":48,"column":17}},"loc":{"start":{"line":48,"column":19},"end":{"line":53,"column":5}}},"7":{"name":"(anonymous_8)","decl":{"start":{"line":55,"column":14},"end":{"line":55,"column":17}},"loc":{"start":{"line":55,"column":19},"end":{"line":62,"column":5}}},"8":{"name":"(anonymous_9)","decl":{"start":{"line":56,"column":63},"end":{"line":56,"column":64}},"loc":{"start":{"line":56,"column":76},"end":{"line":56,"column":111}}}},"branchMap":{"0":{"loc":{"start":{"line":16,"column":39},"end":{"line":16,"column":66}},"type":"binary-expr","locations":[{"start":{"line":16,"column":39},"end":{"line":16,"column":60}},{"start":{"line":16,"column":64},"end":{"line":16,"column":66}}]},"1":{"loc":{"start":{"line":23,"column":8},"end":{"line":27,"column":9}},"type":"if","locations":[{"start":{"line":23,"column":8},"end":{"line":27,"column":9}},{"start":{"line":25,"column":15},"end":{"line":27,"column":9}}]},"2":{"loc":{"start":{"line":32,"column":8},"end":{"line":38,"column":9}},"type":"if","locations":[{"start":{"line":32,"column":8},"end":{"line":38,"column":9}},{"start":{"line":36,"column":15},"end":{"line":38,"column":9}}]},"3":{"loc":{"start":{"line":49,"column":8},"end":{"line":52,"column":9}},"type":"if","locations":[{"start":{"line":49,"column":8},"end":{"line":52,"column":9}}]},"4":{"loc":{"start":{"line":57,"column":8},"end":{"line":61,"column":9}},"type":"if","locations":[{"start":{"line":57,"column":8},"end":{"line":61,"column":9}},{"start":{"line":59,"column":15},"end":{"line":61,"column":9}}]},"5":{"loc":{"start":{"line":57,"column":12},"end":{"line":57,"column":39}},"type":"binary-expr","locations":[{"start":{"line":57,"column":12},"end":{"line":57,"column":18}},{"start":{"line":57,"column":22},"end":{"line":57,"column":39}}]},"6":{"loc":{"start":{"line":59,"column":15},"end":{"line":61,"column":9}},"type":"if","locations":[{"start":{"line":59,"column":15},"end":{"line":61,"column":9}}]},"7":{"loc":{"start":{"line":59,"column":19},"end":{"line":59,"column":77}},"type":"binary-expr","locations":[{"start":{"line":59,"column":19},"end":{"line":59,"column":24}},{"start":{"line":59,"column":28},"end":{"line":59,"column":77}}]}},"s":{"0":3,"1":3,"2":3,"3":3,"4":3,"5":3,"6":8,"7":8,"8":8,"9":8,"10":8,"11":3,"12":3,"13":2,"14":1,"15":8,"16":1,"17":1,"18":1,"19":1,"20":1,"21":0,"22":8,"23":2,"24":2,"25":2,"26":2,"27":8,"28":7,"29":3,"30":3,"31":8,"32":7,"33":21,"34":7,"35":0,"36":7,"37":0,"38":8,"39":3},"f":{"0":0,"1":0,"2":8,"3":3,"4":1,"5":2,"6":7,"7":7,"8":21},"b":{"0":[8,4],"1":[2,1],"2":[1,0],"3":[3],"4":[0,7],"5":[7,4],"6":[0],"7":[7,3]}}
,"/Users/natya/frontend-iic3143/src/auth/useAuth.ts": {"path":"/Users/natya/frontend-iic3143/src/auth/useAuth.ts","statementMap":{"0":{"start":{"line":1,"column":0},"end":{"line":1,"column":35}},"1":{"start":{"line":2,"column":0},"end":{"line":2,"column":44}},"2":{"start":{"line":4,"column":23},"end":{"line":6,"column":1}},"3":{"start":{"line":5,"column":4},"end":{"line":5,"column":35}},"4":{"start":{"line":4,"column":13},"end":{"line":4,"column":23}}},"fnMap":{"0":{"name":"(anonymous_0)","decl":{"start":{"line":4,"column":23},"end":{"line":4,"column":26}},"loc":{"start":{"line":4,"column":28},"end":{"line":6,"column":1}}}},"branchMap":{},"s":{"0":2,"1":2,"2":2,"3":1,"4":2},"f":{"0":1},"b":{}}
,"/Users/natya/frontend-iic3143/src/common/Button.tsx": {"path":"/Users/natya/frontend-iic3143/src/common/Button.tsx","statementMap":{"0":{"start":{"line":11,"column":47},"end":{"line":20,"column":1}},"1":{"start":{"line":12,"column":4},"end":{"line":19,"column":6}},"2":{"start":{"line":22,"column":0},"end":{"line":22,"column":31}}},"fnMap":{"0":{"name":"(anonymous_0)","decl":{"start":{"line":11,"column":47},"end":{"line":11,"column":48}},"loc":{"start":{"line":11,"column":120},"end":{"line":20,"column":1}}}},"branchMap":{"0":{"loc":{"start":{"line":11,"column":65},"end":{"line":11,"column":87}},"type":"default-arg","locations":[{"start":{"line":11,"column":73},"end":{"line":11,"column":87}}]},"1":{"loc":{"start":{"line":11,"column":89},"end":{"line":11,"column":114}},"type":"default-arg","locations":[{"start":{"line":11,"column":100},"end":{"line":11,"column":114}}]}},"s":{"0":1,"1":4,"2":1},"f":{"0":4},"b":{"0":[3],"1":[3]}}
,"/Users/natya/frontend-iic3143/src/common/Footer.tsx": {"path":"/Users/natya/frontend-iic3143/src/common/Footer.tsx","statementMap":{"0":{"start":{"line":1,"column":0},"end":{"line":1,"column":56}},"1":{"start":{"line":4,"column":4},"end":{"line":15,"column":6}},"2":{"start":{"line":3,"column":0},"end":{"line":3,"column":24}}},"fnMap":{"0":{"name":"Footer","decl":{"start":{"line":3,"column":24},"end":{"line":3,"column":30}},"loc":{"start":{"line":3,"column":30},"end":{"line":16,"column":1}}}},"branchMap":{},"s":{"0":1,"1":2,"2":1},"f":{"0":2},"b":{}}
,"/Users/natya/frontend-iic3143/src/common/Navbar.tsx": {"path":"/Users/natya/frontend-iic3143/src/common/Navbar.tsx","statementMap":{"0":{"start":{"line":1,"column":0},"end":{"line":1,"column":50}},"1":{"start":{"line":2,"column":0},"end":{"line":2,"column":40}},"2":{"start":{"line":4,"column":0},"end":{"line":4,"column":42}},"3":{"start":{"line":7,"column":30},"end":{"line":7,"column":39}},"4":{"start":{"line":9,"column":4},"end":{"line":54,"column":6}},"5":{"start":{"line":6,"column":0},"end":{"line":6,"column":24}}},"fnMap":{"0":{"name":"Navbar","decl":{"start":{"line":6,"column":24},"end":{"line":6,"column":30}},"loc":{"start":{"line":6,"column":30},"end":{"line":55,"column":1}}},"1":{"name":"(anonymous_2)","decl":{"start":{"line":37,"column":54},"end":{"line":37,"column":57}},"loc":{"start":{"line":37,"column":59},"end":{"line":37,"column":62}}}},"branchMap":{"0":{"loc":{"start":{"line":27,"column":25},"end":{"line":33,"column":null}},"type":"binary-expr","locations":[{"start":{"line":27,"column":25},"end":{"line":27,"column":30}},{"start":{"line":28,"column":28},"end":{"line":30,"column":null}}]},"1":{"loc":{"start":{"line":36,"column":32},"end":{"line":36,"column":53}},"type":"cond-expr","locations":[{"start":{"line":36,"column":40},"end":{"line":36,"column":42}},{"start":{"line":36,"column":45},"end":{"line":36,"column":53}}]},"2":{"loc":{"start":{"line":37,"column":37},"end":{"line":37,"column":62}},"type":"cond-expr","locations":[{"start":{"line":37,"column":45},"end":{"line":37,"column":51}},{"start":{"line":37,"column":54},"end":{"line":37,"column":62}}]},"3":{"loc":{"start":{"line":40,"column":29},"end":{"line":40,"column":72}},"type":"cond-expr","locations":[{"start":{"line":40,"column":38},"end":{"line":40,"column":54}},{"start":{"line":40,"column":57},"end":{"line":40,"column":72}}]},"4":{"loc":{"start":{"line":42,"column":25},"end":{"line":48,"column":null}},"type":"binary-expr","locations":[{"start":{"line":42,"column":25},"end":{"line":42,"column":30}},{"start":{"line":43,"column":28},"end":{"line":45,"column":null}}]}},"s":{"0":1,"1":1,"2":1,"3":3,"4":3,"5":1},"f":{"0":3,"1":0},"b":{"0":[3,2],"1":[2,1],"2":[2,1],"3":[1,2],"4":[3,2]}}
,"/Users/natya/frontend-iic3143/src/common/RadioButton.tsx": {"path":"/Users/natya/frontend-iic3143/src/common/RadioButton.tsx","statementMap":{"0":{"start":{"line":1,"column":122},"end":{"line":14,"column":1}},"1":{"start":{"line":2,"column":4},"end":{"line":13,"column":6}},"2":{"start":{"line":9,"column":33},"end":{"line":9,"column":57}},"3":{"start":{"line":16,"column":0},"end":{"line":16,"column":27}}},"fnMap":{"0":{"name":"(anonymous_0)","decl":{"start":{"line":1,"column":122},"end":{"line":1,"column":123}},"loc":{"start":{"line":1,"column":168},"end":{"line":14,"column":1}}},"1":{"name":"(anonymous_1)","decl":{"start":{"line":9,"column":26},"end":{"line":9,"column":27}},"loc":{"start":{"line":9,"column":33},"end":{"line":9,"column":57}}}},"branchMap":{},"s":{"0":1,"1":4,"2":1,"3":1},"f":{"0":4,"1":1},"b":{}}
,"/Users/natya/frontend-iic3143/src/hooks/useDebouncedValue.ts": {"path":"/Users/natya/frontend-iic3143/src/hooks/useDebouncedValue.ts","statementMap":{"0":{"start":{"line":1,"column":0},"end":{"line":1,"column":44}},"1":{"start":{"line":3,"column":33},"end":{"line":17,"column":1}},"2":{"start":{"line":4,"column":48},"end":{"line":4,"column":68}},"3":{"start":{"line":6,"column":4},"end":{"line":14,"column":28}},"4":{"start":{"line":7,"column":24},"end":{"line":9,"column":17}},"5":{"start":{"line":8,"column":12},"end":{"line":8,"column":42}},"6":{"start":{"line":11,"column":8},"end":{"line":13,"column":10}},"7":{"start":{"line":12,"column":12},"end":{"line":12,"column":34}},"8":{"start":{"line":16,"column":4},"end":{"line":16,"column":26}},"9":{"start":{"line":3,"column":13},"end":{"line":3,"column":33}}},"fnMap":{"0":{"name":"(anonymous_0)","decl":{"start":{"line":3,"column":33},"end":{"line":3,"column":34}},"loc":{"start":{"line":3,"column":71},"end":{"line":17,"column":1}}},"1":{"name":"(anonymous_1)","decl":{"start":{"line":6,"column":14},"end":{"line":6,"column":17}},"loc":{"start":{"line":6,"column":19},"end":{"line":14,"column":5}}},"2":{"name":"(anonymous_2)","decl":{"start":{"line":7,"column":35},"end":{"line":7,"column":38}},"loc":{"start":{"line":7,"column":40},"end":{"line":9,"column":9}}},"3":{"name":"(anonymous_3)","decl":{"start":{"line":11,"column":15},"end":{"line":11,"column":18}},"loc":{"start":{"line":11,"column":20},"end":{"line":13,"column":9}}}},"branchMap":{},"s":{"0":1,"1":1,"2":3,"3":3,"4":2,"5":1,"6":2,"7":2,"8":3,"9":1},"f":{"0":3,"1":2,"2":1,"3":2},"b":{}}
,"/Users/natya/frontend-iic3143/src/landing/components/Carousel.tsx": {"path":"/Users/natya/frontend-iic3143/src/landing/components/Carousel.tsx","statementMap":{"0":{"start":{"line":16,"column":4},"end":{"line":33,"column":6}},"1":{"start":{"line":23,"column":24},"end":{"line":23,"column":61}},"2":{"start":{"line":15,"column":0},"end":{"line":15,"column":24}}},"fnMap":{"0":{"name":"Carousel","decl":{"start":{"line":15,"column":24},"end":{"line":15,"column":32}},"loc":{"start":{"line":15,"column":90},"end":{"line":34,"column":1}}},"1":{"name":"(anonymous_1)","decl":{"start":{"line":22,"column":31},"end":{"line":22,"column":32}},"loc":{"start":{"line":23,"column":24},"end":{"line":23,"column":61}}}},"branchMap":{"0":{"loc":{"start":{"line":26,"column":29},"end":{"line":26,"column":106}},"type":"binary-expr","locations":[{"start":{"line":26,"column":29},"end":{"line":26,"column":45}},{"start":{"line":26,"column":49},"end":{"line":26,"column":106}}]}},"s":{"0":1,"1":2,"2":1},"f":{"0":1,"1":2},"b":{"0":[2,2]}}
}
