TN:
SF:src/assets/pagePals-white.png
FNF:0
FNH:0
DA:1,2
LF:1
LH:1
BRF:0
BRH:0
end_of_record
TN:
SF:src/assets/pagePals.png
FNF:0
FNH:0
DA:1,2
LF:1
LH:1
BRF:0
BRH:0
end_of_record
TN:
SF:src/auth/AuthContext.tsx
FN:8,(anonymous_1)
FN:9,(anonymous_2)
FN:15,(anonymous_3)
FN:21,(anonymous_4)
FN:30,(anonymous_5)
FN:41,(anonymous_6)
FN:48,(anonymous_7)
FN:55,(anonymous_8)
FN:56,(anonymous_9)
FNF:9
FNH:7
FNDA:0,(anonymous_1)
FNDA:0,(anonymous_2)
FNDA:6,(anonymous_3)
FNDA:2,(anonymous_4)
FNDA:1,(anonymous_5)
FNDA:1,(anonymous_6)
FNDA:5,(anonymous_7)
FNDA:5,(anonymous_8)
FNDA:15,(anonymous_9)
DA:1,4
DA:3,4
DA:4,4
DA:6,4
DA:13,4
DA:15,4
DA:16,6
DA:17,6
DA:18,6
DA:19,6
DA:21,6
DA:22,2
DA:23,2
DA:24,2
DA:26,0
DA:30,6
DA:31,1
DA:32,1
DA:33,1
DA:34,1
DA:35,1
DA:37,0
DA:41,6
DA:42,1
DA:43,1
DA:44,1
DA:45,1
DA:48,6
DA:49,5
DA:50,2
DA:51,2
DA:55,6
DA:56,15
DA:57,5
DA:58,0
DA:59,5
DA:60,0
DA:64,6
LF:38
LH:34
BRDA:16,0,0,6
BRDA:16,0,1,3
BRDA:23,1,0,2
BRDA:23,1,1,0
BRDA:32,2,0,1
BRDA:32,2,1,0
BRDA:49,3,0,2
BRDA:57,4,0,0
BRDA:57,4,1,5
BRDA:57,5,0,5
BRDA:57,5,1,3
BRDA:59,6,0,0
BRDA:59,7,0,5
BRDA:59,7,1,2
BRF:14
BRH:10
end_of_record
TN:
SF:src/auth/useAuth.ts
FN:4,(anonymous_0)
FNF:1
FNH:1
FNDA:30,(anonymous_0)
DA:1,3
DA:2,3
DA:4,3
DA:5,30
LF:4
LH:4
BRF:0
BRH:0
end_of_record
TN:
SF:src/common/Button.tsx
FN:11,(anonymous_0)
FNF:1
FNH:1
FNDA:4,(anonymous_0)
DA:11,1
DA:12,4
DA:22,1
LF:3
LH:3
BRDA:11,0,0,3
BRDA:11,1,0,3
BRF:2
BRH:2
end_of_record
TN:
SF:src/common/Footer.tsx
FN:3,Footer
FNF:1
FNH:1
FNDA:31,Footer
DA:1,2
DA:3,2
DA:4,31
LF:3
LH:3
BRF:0
BRH:0
end_of_record
TN:
SF:src/common/Navbar.tsx
FN:6,Navbar
FN:37,(anonymous_2)
FNF:2
FNH:1
FNDA:32,Navbar
FNDA:0,(anonymous_2)
DA:1,2
DA:2,2
DA:4,2
DA:6,2
DA:7,32
DA:9,32
LF:6
LH:6
BRDA:27,0,0,32
BRDA:27,0,1,2
BRDA:36,1,0,2
BRDA:36,1,1,30
BRDA:37,2,0,2
BRDA:37,2,1,30
BRDA:40,3,0,30
BRDA:40,3,1,2
BRDA:42,4,0,32
BRDA:42,4,1,2
BRF:10
BRH:10
end_of_record
TN:
SF:src/common/RadioButton.tsx
FN:1,(anonymous_0)
FN:9,(anonymous_1)
FNF:2
FNH:2
FNDA:4,(anonymous_0)
FNDA:1,(anonymous_1)
DA:1,1
DA:2,4
DA:9,1
DA:16,1
LF:4
LH:4
BRF:0
BRH:0
end_of_record
TN:
SF:src/hooks/useDebouncedValue.ts
FN:3,(anonymous_0)
FN:6,(anonymous_1)
FN:7,(anonymous_2)
FN:11,(anonymous_3)
FNF:4
FNH:4
FNDA:35,(anonymous_0)
FNDA:24,(anonymous_1)
FNDA:3,(anonymous_2)
FNDA:24,(anonymous_3)
DA:1,2
DA:3,2
DA:4,35
DA:6,35
DA:7,24
DA:8,3
DA:11,24
DA:12,24
DA:16,35
LF:9
LH:9
BRF:0
BRH:0
end_of_record
TN:
SF:src/landing/components/Carousel.tsx
FN:15,Carousel
FN:22,(anonymous_1)
FNF:2
FNH:2
FNDA:1,Carousel
FNDA:2,(anonymous_1)
DA:15,1
DA:16,1
DA:23,2
LF:3
LH:3
BRDA:26,0,0,2
BRDA:26,0,1,2
BRF:2
BRH:2
end_of_record
TN:
SF:src/publication/publicationCard.tsx
FN:8,(anonymous_0)
FN:11,(anonymous_1)
FNF:2
FNH:2
FNDA:1,(anonymous_0)
FNDA:5,(anonymous_1)
DA:1,1
DA:8,1
DA:9,1
DA:11,1
DA:12,5
DA:15,1
DA:36,1
LF:7
LH:7
BRDA:12,0,0,1
BRDA:12,0,1,4
BRDA:21,1,0,1
BRDA:21,1,1,1
BRF:4
BRH:4
end_of_record
TN:
SF:src/publication/publicationCreate.tsx
FN:15,(anonymous_1)
FN:39,(anonymous_2)
FN:39,(anonymous_3)
FN:46,(anonymous_4)
FN:53,(anonymous_5)
FN:60,(anonymous_6)
FN:62,(anonymous_7)
FN:68,(anonymous_8)
FN:80,(anonymous_9)
FN:84,(anonymous_10)
FN:85,(anonymous_11)
FN:87,(anonymous_12)
FN:102,(anonymous_13)
FN:126,(anonymous_14)
FN:126,(anonymous_15)
FN:128,(anonymous_16)
FN:132,(anonymous_17)
FN:132,(anonymous_18)
FNF:18
FNH:9
FNDA:32,(anonymous_1)
FNDA:9,(anonymous_2)
FNDA:1,(anonymous_3)
FNDA:1,(anonymous_4)
FNDA:1,(anonymous_5)
FNDA:0,(anonymous_6)
FNDA:0,(anonymous_7)
FNDA:1,(anonymous_8)
FNDA:0,(anonymous_9)
FNDA:0,(anonymous_10)
FNDA:0,(anonymous_11)
FNDA:0,(anonymous_12)
FNDA:5,(anonymous_13)
FNDA:2,(anonymous_14)
FNDA:0,(anonymous_15)
FNDA:18,(anonymous_16)
FNDA:0,(anonymous_17)
FNDA:0,(anonymous_18)
DA:1,1
DA:2,1
DA:3,1
DA:4,1
DA:5,1
DA:6,1
DA:8,1
DA:9,1
DA:10,1
DA:11,1
DA:13,1
DA:15,1
DA:16,32
DA:29,32
DA:30,32
DA:31,32
DA:32,32
DA:33,32
DA:34,32
DA:35,32
DA:36,32
DA:37,32
DA:39,32
DA:46,32
DA:47,1
DA:48,1
DA:49,1
DA:50,1
DA:51,1
DA:52,1
DA:53,1
DA:56,0
DA:60,32
DA:61,0
DA:62,0
DA:68,32
DA:69,1
DA:70,1
DA:71,1
DA:72,1
DA:73,1
DA:74,1
DA:76,0
DA:80,32
DA:81,0
DA:84,32
DA:85,0
DA:86,0
DA:87,0
DA:97,0
DA:99,0
DA:102,32
DA:103,5
DA:104,1
DA:106,4
DA:107,4
DA:112,32
DA:126,2
DA:128,18
DA:132,0
DA:173,1
LF:61
LH:50
BRDA:42,0,0,1
BRDA:42,0,1,1
BRDA:43,1,0,1
BRDA:43,1,1,0
BRDA:50,2,0,1
BRDA:64,3,0,0
BRDA:64,3,1,0
BRDA:69,4,0,0
BRDA:69,4,1,1
BRDA:72,5,0,1
BRDA:72,5,1,0
BRDA:81,6,0,0
BRDA:81,6,1,0
BRDA:86,7,0,0
BRDA:90,8,0,0
BRDA:90,8,1,0
BRDA:93,9,0,0
BRDA:93,9,1,0
BRDA:95,10,0,0
BRDA:95,10,1,0
BRDA:103,11,0,1
BRDA:103,11,1,4
BRDA:115,12,0,2
BRDA:115,12,1,30
BRDA:126,13,0,0
BRDA:126,13,1,30
BRDA:159,14,0,30
BRDA:159,14,1,0
BRDA:159,15,0,30
BRDA:159,15,1,30
BRF:30
BRH:14
end_of_record
TN:
SF:src/publication/components/bookOptions.tsx
FN:15,(anonymous_0)
FN:18,(anonymous_1)
FN:19,(anonymous_2)
FN:19,(anonymous_3)
FNF:4
FNH:2
FNDA:28,(anonymous_0)
FNDA:1,(anonymous_1)
FNDA:0,(anonymous_2)
FNDA:0,(anonymous_3)
DA:15,1
DA:16,28
DA:19,1
DA:36,1
LF:4
LH:4
BRDA:17,0,0,18
BRDA:17,0,1,10
BRDA:17,1,0,28
BRDA:17,1,1,27
BRDA:18,2,0,11
BRDA:18,2,1,17
BRF:6
BRH:6
end_of_record
TN:
SF:src/publication/components/formTextInput.tsx
FN:12,(anonymous_0)
FN:21,(anonymous_1)
FN:28,(anonymous_2)
FNF:3
FNH:2
FNDA:172,(anonymous_0)
FNDA:1,(anonymous_1)
FNDA:0,(anonymous_2)
DA:12,2
DA:13,172
DA:21,1
DA:28,0
DA:33,2
LF:5
LH:4
BRDA:12,0,0,87
BRDA:14,1,0,143
BRDA:14,1,1,29
BRF:3
BRH:3
end_of_record
TN:
SF:src/publication/components/publishBookButton.tsx
FN:1,(anonymous_0)
FNF:1
FNH:1
FNDA:28,(anonymous_0)
DA:1,1
DA:2,28
DA:12,1
LF:3
LH:3
BRF:0
BRH:0
end_of_record
TN:
SF:src/publication/components/publishedSuccesfully.tsx
FN:1,(anonymous_0)
FNF:1
FNH:1
FNDA:1,(anonymous_0)
DA:1,1
DA:2,1
DA:14,1
LF:3
LH:3
BRF:0
BRH:0
end_of_record
TN:
SF:src/publication/components/typeDropdown.tsx
FN:10,(anonymous_0)
FN:20,(anonymous_1)
FN:23,(anonymous_2)
FNF:3
FNH:2
FNDA:56,(anonymous_0)
FNDA:0,(anonymous_1)
FNDA:196,(anonymous_2)
DA:10,1
DA:11,56
DA:20,0
DA:24,196
DA:33,1
LF:5
LH:4
BRF:0
BRH:0
end_of_record
